<?xml version="1.0" encoding="UTF-8"?>
<!-- Generated by org.testng.reporters.JUnitReportReporter -->
<testsuite skipped="0" hostname="DESKTOP-0AA0O4F" name="com.selenium.project.GetMyCode" tests="1" failures="0" timestamp="10 May 2019 05:37:25 GMT" time="14.997" errors="0">
  <testcase name="test_01" time="14.997" classname="com.selenium.project.GetMyCode"/>
</testsuite> <!-- com.selenium.project.GetMyCode -->
